<?xml version="1.0" encoding="UTF-8"?>
<!-- Generated by org.testng.reporters.JUnitReportReporter -->
<testsuite hostname="Simil" failures="0" tests="4" name="TestModules.TestNG_Attributes" time="1.050" errors="0" timestamp="2022-10-25T23:31:13 IST" skipped="0">
  <testcase classname="TestModules.TestNG_Attributes" name="Login2" time="0.026"/>
  <system-out/>
  <testcase classname="TestModules.TestNG_Attributes" name="Login" time="0.003"/>
  <system-out/>
  <testcase classname="TestModules.TestNG_Attributes" name="UpdateEmployee" time="0.510"/>
  <system-out/>
  <testcase classname="TestModules.TestNG_Attributes" name="CreateEmployee" time="0.511"/>
  <system-out/>
</testsuite> <!-- TestModules.TestNG_Attributes -->
