<?xml version="1.0" encoding="UTF-8"?>
<!-- Generated by org.testng.reporters.JUnitReportReporter -->
<testsuite hostname="Simil" failures="0" tests="1" name="TestModules.TestNG2" time="0.017" errors="0" timestamp="2022-10-30T13:19:44 IST" skipped="0">
  <testcase classname="TestModules.TestNG2" name="ABCD" time="0.017"/>
  <system-out/>
</testsuite> <!-- TestModules.TestNG2 -->
